app/build/intermediates/manifest_merge_blame_file/debug/manifest-merger-blame-debug-report.txt
1<?xml version="1.0" encoding="utf-8"?>
2<manifest xmlns:android="http://schemas.android.com/apk/res/android"
3    package="com.eschoolproject.quattus"
4    android:versionCode="1"
5    android:versionName="1.0" >
6
7    <uses-sdk
8        android:minSdkVersion="16"
8-->src\main\AndroidManifest.xml
9        android:targetSdkVersion="28" />
9-->src\main\AndroidManifest.xml
10
11    <uses-permission android:name="android.permission.INTERNET" />
11-->src\main\AndroidManifest.xml:6:5-67
11-->src\main\AndroidManifest.xml:6:22-64
12    <uses-permission android:name="android.permission.READ_EXTERNAL_STORAGE" />
12-->src\main\AndroidManifest.xml:7:5-80
12-->src\main\AndroidManifest.xml:7:22-77
13    <uses-permission android:name="android.permission.WRITE_EXTERNAL_STORAGE" />
13-->src\main\AndroidManifest.xml:8:5-81
13-->src\main\AndroidManifest.xml:8:22-78
14    <uses-permission android:name="android.permission.ACCESS_NETWORK_STATE" />
14-->[com.firebaseui:firebase-ui-auth:5.1.0] AndroidManifest.xml:12:5-79
14-->[com.firebaseui:firebase-ui-auth:5.1.0] AndroidManifest.xml:12:22-76
15
16    <application
16-->src\main\AndroidManifest.xml:10:5-45:19
17        android:name="com.eschoolproject.quattus.Quattus"
17-->src\main\AndroidManifest.xml:17:9-32
18        android:allowBackup="true"
18-->src\main\AndroidManifest.xml:11:9-35
19        android:appComponentFactory="androidx.core.app.CoreComponentFactory"
19-->[androidx.core:core:1.1.0] AndroidManifest.xml:24:18-86
20        android:debuggable="true"
21        android:icon="@mipmap/ic_launcher"
21-->src\main\AndroidManifest.xml:12:9-43
22        android:label="@string/app_name"
22-->src\main\AndroidManifest.xml:13:9-41
23        android:roundIcon="@mipmap/ic_launcher_round"
23-->src\main\AndroidManifest.xml:14:9-54
24        android:supportsRtl="true"
24-->src\main\AndroidManifest.xml:15:9-35
25        android:testOnly="true"
26        android:theme="@style/AppTheme" >
26-->src\main\AndroidManifest.xml:16:9-40
27        <activity android:name="com.eschoolproject.quattus.ProfileActivity" />
27-->src\main\AndroidManifest.xml:18:9-62
27-->src\main\AndroidManifest.xml:18:19-50
28        <activity
28-->src\main\AndroidManifest.xml:19:9-21:58
29            android:name="com.eschoolproject.quattus.UsersActivity"
29-->src\main\AndroidManifest.xml:20:13-42
30            android:parentActivityName="com.eschoolproject.quattus.MainActivity" />
30-->src\main\AndroidManifest.xml:21:13-55
31        <activity
31-->src\main\AndroidManifest.xml:22:9-24:59
32            android:name="com.theartofdev.edmodo.cropper.CropImageActivity"
32-->src\main\AndroidManifest.xml:23:13-76
33            android:theme="@style/Base.Theme.AppCompat" />
33-->src\main\AndroidManifest.xml:24:13-56
34        <activity
34-->src\main\AndroidManifest.xml:25:9-27:61
35            android:name="com.eschoolproject.quattus.StatusActivity"
35-->src\main\AndroidManifest.xml:26:13-43
36            android:parentActivityName="com.eschoolproject.quattus.SettingActivity" />
36-->src\main\AndroidManifest.xml:27:13-58
37        <activity
37-->src\main\AndroidManifest.xml:28:9-30:58
38            android:name="com.eschoolproject.quattus.SettingActivity"
38-->src\main\AndroidManifest.xml:29:13-44
39            android:parentActivityName="com.eschoolproject.quattus.MainActivity" />
39-->src\main\AndroidManifest.xml:30:13-55
40        <activity
40-->src\main\AndroidManifest.xml:31:9-33:59
41            android:name="com.eschoolproject.quattus.LoginActivity"
41-->src\main\AndroidManifest.xml:32:13-42
42            android:parentActivityName="com.eschoolproject.quattus.StartActivity" />
42-->src\main\AndroidManifest.xml:33:13-56
43        <activity
43-->src\main\AndroidManifest.xml:34:9-36:62
44            android:name="com.eschoolproject.quattus.RegisterActivity"
44-->src\main\AndroidManifest.xml:35:13-45
45            android:parentActivityName="com.eschoolproject.quattus.RegisterActivity" />
45-->src\main\AndroidManifest.xml:36:13-59
46        <activity android:name="com.eschoolproject.quattus.StartActivity" />
46-->src\main\AndroidManifest.xml:37:9-51
46-->src\main\AndroidManifest.xml:37:19-48
47        <activity android:name="com.eschoolproject.quattus.MainActivity" >
47-->src\main\AndroidManifest.xml:38:9-44:20
47-->src\main\AndroidManifest.xml:38:19-47
48            <intent-filter>
48-->src\main\AndroidManifest.xml:39:13-43:29
49                <action android:name="android.intent.action.MAIN" />
49-->src\main\AndroidManifest.xml:40:17-69
49-->src\main\AndroidManifest.xml:40:25-66
50
51                <category android:name="android.intent.category.LAUNCHER" />
51-->src\main\AndroidManifest.xml:42:17-77
51-->src\main\AndroidManifest.xml:42:27-74
52            </intent-filter>
53        </activity>
54
55        <meta-data
55-->[com.firebaseui:firebase-ui-auth:5.1.0] AndroidManifest.xml:16:9-18:69
56            android:name="com.google.android.gms.version"
56-->[com.firebaseui:firebase-ui-auth:5.1.0] AndroidManifest.xml:17:13-58
57            android:value="@integer/google_play_services_version" />
57-->[com.firebaseui:firebase-ui-auth:5.1.0] AndroidManifest.xml:18:13-66
58        <meta-data
58-->[com.firebaseui:firebase-ui-auth:5.1.0] AndroidManifest.xml:19:9-21:63
59            android:name="com.facebook.sdk.ApplicationId"
59-->[com.firebaseui:firebase-ui-auth:5.1.0] AndroidManifest.xml:20:13-58
60            android:value="@string/facebook_application_id" />
60-->[com.firebaseui:firebase-ui-auth:5.1.0] AndroidManifest.xml:21:13-60
61
62        <activity
62-->[com.firebaseui:firebase-ui-auth:5.1.0] AndroidManifest.xml:23:9-27:61
63            android:name="com.firebase.ui.auth.KickoffActivity"
63-->[com.firebaseui:firebase-ui-auth:5.1.0] AndroidManifest.xml:24:13-64
64            android:exported="false"
64-->[com.firebaseui:firebase-ui-auth:5.1.0] AndroidManifest.xml:25:13-37
65            android:label=""
65-->[com.firebaseui:firebase-ui-auth:5.1.0] AndroidManifest.xml:26:13-29
66            android:theme="@style/FirebaseUI.Transparent" />
66-->[com.firebaseui:firebase-ui-auth:5.1.0] AndroidManifest.xml:27:13-58
67        <activity
67-->[com.firebaseui:firebase-ui-auth:5.1.0] AndroidManifest.xml:28:9-32:61
68            android:name="com.firebase.ui.auth.ui.idp.SingleSignInActivity"
68-->[com.firebaseui:firebase-ui-auth:5.1.0] AndroidManifest.xml:29:13-76
69            android:exported="false"
69-->[com.firebaseui:firebase-ui-auth:5.1.0] AndroidManifest.xml:30:13-37
70            android:label=""
70-->[com.firebaseui:firebase-ui-auth:5.1.0] AndroidManifest.xml:31:13-29
71            android:theme="@style/FirebaseUI.Transparent" />
71-->[com.firebaseui:firebase-ui-auth:5.1.0] AndroidManifest.xml:32:13-58
72        <activity
72-->[com.firebaseui:firebase-ui-auth:5.1.0] AndroidManifest.xml:33:9-37:61
73            android:name="com.firebase.ui.auth.ui.credentials.CredentialSaveActivity"
73-->[com.firebaseui:firebase-ui-auth:5.1.0] AndroidManifest.xml:34:13-86
74            android:exported="false"
74-->[com.firebaseui:firebase-ui-auth:5.1.0] AndroidManifest.xml:35:13-37
75            android:label=""
75-->[com.firebaseui:firebase-ui-auth:5.1.0] AndroidManifest.xml:36:13-29
76            android:theme="@style/FirebaseUI.Transparent" />
76-->[com.firebaseui:firebase-ui-auth:5.1.0] AndroidManifest.xml:37:13-58
77        <activity
77-->[com.firebaseui:firebase-ui-auth:5.1.0] AndroidManifest.xml:38:9-42:58
78            android:name="com.firebase.ui.auth.ui.email.RecoverPasswordActivity"
78-->[com.firebaseui:firebase-ui-auth:5.1.0] AndroidManifest.xml:39:13-81
79            android:exported="false"
79-->[com.firebaseui:firebase-ui-auth:5.1.0] AndroidManifest.xml:40:13-37
80            android:label="@string/fui_title_recover_password_activity"
80-->[com.firebaseui:firebase-ui-auth:5.1.0] AndroidManifest.xml:41:13-72
81            android:windowSoftInputMode="adjustResize" />
81-->[com.firebaseui:firebase-ui-auth:5.1.0] AndroidManifest.xml:42:13-55
82        <activity
82-->[com.firebaseui:firebase-ui-auth:5.1.0] AndroidManifest.xml:43:9-47:58
83            android:name="com.firebase.ui.auth.ui.email.EmailActivity"
83-->[com.firebaseui:firebase-ui-auth:5.1.0] AndroidManifest.xml:44:13-71
84            android:exported="false"
84-->[com.firebaseui:firebase-ui-auth:5.1.0] AndroidManifest.xml:45:13-37
85            android:label="@string/fui_sign_in_default"
85-->[com.firebaseui:firebase-ui-auth:5.1.0] AndroidManifest.xml:46:13-56
86            android:windowSoftInputMode="adjustResize" />
86-->[com.firebaseui:firebase-ui-auth:5.1.0] AndroidManifest.xml:47:13-55
87        <activity
87-->[com.firebaseui:firebase-ui-auth:5.1.0] AndroidManifest.xml:48:9-52:77
88            android:name="com.firebase.ui.auth.ui.phone.PhoneActivity"
88-->[com.firebaseui:firebase-ui-auth:5.1.0] AndroidManifest.xml:49:13-71
89            android:exported="false"
89-->[com.firebaseui:firebase-ui-auth:5.1.0] AndroidManifest.xml:50:13-37
90            android:label="@string/fui_sign_in_with_phone_number"
90-->[com.firebaseui:firebase-ui-auth:5.1.0] AndroidManifest.xml:51:13-66
91            android:windowSoftInputMode="adjustResize|stateAlwaysVisible" />
91-->[com.firebaseui:firebase-ui-auth:5.1.0] AndroidManifest.xml:52:13-74
92        <activity
92-->[com.firebaseui:firebase-ui-auth:5.1.0] AndroidManifest.xml:53:9-57:58
93            android:name="com.firebase.ui.auth.ui.idp.WelcomeBackIdpPrompt"
93-->[com.firebaseui:firebase-ui-auth:5.1.0] AndroidManifest.xml:54:13-76
94            android:exported="false"
94-->[com.firebaseui:firebase-ui-auth:5.1.0] AndroidManifest.xml:55:13-37
95            android:label="@string/fui_title_welcome_back_idp_prompt"
95-->[com.firebaseui:firebase-ui-auth:5.1.0] AndroidManifest.xml:56:13-70
96            android:windowSoftInputMode="adjustResize" />
96-->[com.firebaseui:firebase-ui-auth:5.1.0] AndroidManifest.xml:57:13-55
97        <activity
97-->[com.firebaseui:firebase-ui-auth:5.1.0] AndroidManifest.xml:58:9-62:58
98            android:name="com.firebase.ui.auth.ui.email.WelcomeBackPasswordPrompt"
98-->[com.firebaseui:firebase-ui-auth:5.1.0] AndroidManifest.xml:59:13-83
99            android:exported="false"
99-->[com.firebaseui:firebase-ui-auth:5.1.0] AndroidManifest.xml:60:13-37
100            android:label="@string/fui_title_welcome_back_password_prompt"
100-->[com.firebaseui:firebase-ui-auth:5.1.0] AndroidManifest.xml:61:13-75
101            android:windowSoftInputMode="adjustResize" />
101-->[com.firebaseui:firebase-ui-auth:5.1.0] AndroidManifest.xml:62:13-55
102        <activity
102-->[com.firebaseui:firebase-ui-auth:5.1.0] AndroidManifest.xml:63:9-67:58
103            android:name="com.firebase.ui.auth.ui.email.WelcomeBackEmailLinkPrompt"
103-->[com.firebaseui:firebase-ui-auth:5.1.0] AndroidManifest.xml:64:13-84
104            android:exported="false"
104-->[com.firebaseui:firebase-ui-auth:5.1.0] AndroidManifest.xml:65:13-37
105            android:label="@string/fui_title_welcome_back_password_prompt"
105-->[com.firebaseui:firebase-ui-auth:5.1.0] AndroidManifest.xml:66:13-75
106            android:windowSoftInputMode="adjustResize" />
106-->[com.firebaseui:firebase-ui-auth:5.1.0] AndroidManifest.xml:67:13-55
107        <activity
107-->[com.firebaseui:firebase-ui-auth:5.1.0] AndroidManifest.xml:68:9-73:58
108            android:name="com.firebase.ui.auth.ui.email.EmailLinkCatcherActivity"
108-->[com.firebaseui:firebase-ui-auth:5.1.0] AndroidManifest.xml:69:13-82
109            android:exported="false"
109-->[com.firebaseui:firebase-ui-auth:5.1.0] AndroidManifest.xml:70:13-37
110            android:label=""
110-->[com.firebaseui:firebase-ui-auth:5.1.0] AndroidManifest.xml:71:13-29
111            android:theme="@style/FirebaseUI.Transparent"
111-->[com.firebaseui:firebase-ui-auth:5.1.0] AndroidManifest.xml:72:13-58
112            android:windowSoftInputMode="adjustResize" />
112-->[com.firebaseui:firebase-ui-auth:5.1.0] AndroidManifest.xml:73:13-55
113        <activity
113-->[com.firebaseui:firebase-ui-auth:5.1.0] AndroidManifest.xml:74:9-78:58
114            android:name="com.firebase.ui.auth.ui.email.EmailLinkErrorRecoveryActivity"
114-->[com.firebaseui:firebase-ui-auth:5.1.0] AndroidManifest.xml:75:13-88
115            android:exported="false"
115-->[com.firebaseui:firebase-ui-auth:5.1.0] AndroidManifest.xml:76:13-37
116            android:label="@string/fui_sign_in_default"
116-->[com.firebaseui:firebase-ui-auth:5.1.0] AndroidManifest.xml:77:13-56
117            android:windowSoftInputMode="adjustResize" />
117-->[com.firebaseui:firebase-ui-auth:5.1.0] AndroidManifest.xml:78:13-55
118        <activity
118-->[com.firebaseui:firebase-ui-auth:5.1.0] AndroidManifest.xml:79:9-82:65
119            android:name="com.firebase.ui.auth.ui.idp.AuthMethodPickerActivity"
119-->[com.firebaseui:firebase-ui-auth:5.1.0] AndroidManifest.xml:80:13-80
120            android:exported="false"
120-->[com.firebaseui:firebase-ui-auth:5.1.0] AndroidManifest.xml:81:13-37
121            android:label="@string/fui_default_toolbar_title" />
121-->[com.firebaseui:firebase-ui-auth:5.1.0] AndroidManifest.xml:82:13-62
122        <activity
122-->[com.firebaseui:firebase-ui-auth:5.1.0] AndroidManifest.xml:83:9-87:48
123            android:name="com.facebook.FacebookActivity"
123-->[com.firebaseui:firebase-ui-auth:5.1.0] AndroidManifest.xml:84:13-57
124            android:configChanges="keyboard|keyboardHidden|screenLayout|screenSize|orientation"
124-->[com.firebaseui:firebase-ui-auth:5.1.0] AndroidManifest.xml:85:13-96
125            android:label="@string/app_name" />
125-->[com.firebaseui:firebase-ui-auth:5.1.0] AndroidManifest.xml:86:13-45
126        <activity
126-->[com.firebaseui:firebase-ui-auth:5.1.0] AndroidManifest.xml:88:9-100:20
127            android:name="com.facebook.CustomTabActivity"
127-->[com.firebaseui:firebase-ui-auth:5.1.0] AndroidManifest.xml:89:13-58
128            android:exported="true" >
128-->[com.firebaseui:firebase-ui-auth:5.1.0] AndroidManifest.xml:90:13-36
129            <intent-filter>
129-->[com.firebaseui:firebase-ui-auth:5.1.0] AndroidManifest.xml:92:13-99:29
130                <action android:name="android.intent.action.VIEW" />
130-->[com.firebaseui:firebase-ui-auth:5.1.0] AndroidManifest.xml:93:17-69
130-->[com.firebaseui:firebase-ui-auth:5.1.0] AndroidManifest.xml:93:25-66
131
132                <category android:name="android.intent.category.DEFAULT" />
132-->[com.firebaseui:firebase-ui-auth:5.1.0] AndroidManifest.xml:95:17-76
132-->[com.firebaseui:firebase-ui-auth:5.1.0] AndroidManifest.xml:95:27-73
133                <category android:name="android.intent.category.BROWSABLE" />
133-->[com.firebaseui:firebase-ui-auth:5.1.0] AndroidManifest.xml:96:17-78
133-->[com.firebaseui:firebase-ui-auth:5.1.0] AndroidManifest.xml:96:27-75
134
135                <data android:scheme="@string/facebook_login_protocol_scheme" />
135-->[com.firebaseui:firebase-ui-auth:5.1.0] AndroidManifest.xml:98:17-81
135-->[com.firebaseui:firebase-ui-auth:5.1.0] AndroidManifest.xml:98:23-78
136            </intent-filter>
137        </activity>
138
139        <provider
139-->[com.firebaseui:firebase-ui-auth:5.1.0] AndroidManifest.xml:102:9-106:38
140            android:name="com.firebase.ui.auth.data.client.AuthUiInitProvider"
140-->[com.firebaseui:firebase-ui-auth:5.1.0] AndroidManifest.xml:103:13-79
141            android:authorities="com.eschoolproject.quattus.authuiinitprovider"
141-->[com.firebaseui:firebase-ui-auth:5.1.0] AndroidManifest.xml:104:13-70
142            android:exported="false"
142-->[com.firebaseui:firebase-ui-auth:5.1.0] AndroidManifest.xml:105:13-37
143            android:initOrder="90" />
143-->[com.firebaseui:firebase-ui-auth:5.1.0] AndroidManifest.xml:106:13-35
144
145        <activity
145-->[com.google.firebase:firebase-auth:17.0.0] AndroidManifest.xml:24:9-31:50
146            android:name="com.google.firebase.auth.internal.FederatedSignInActivity"
146-->[com.google.firebase:firebase-auth:17.0.0] AndroidManifest.xml:25:13-85
147            android:excludeFromRecents="true"
147-->[com.google.firebase:firebase-auth:17.0.0] AndroidManifest.xml:26:13-46
148            android:exported="true"
148-->[com.google.firebase:firebase-auth:17.0.0] AndroidManifest.xml:27:13-36
149            android:launchMode="singleTask"
149-->[com.google.firebase:firebase-auth:17.0.0] AndroidManifest.xml:28:13-44
150            android:permission="com.google.firebase.auth.api.gms.permission.LAUNCH_FEDERATED_SIGN_IN"
150-->[com.google.firebase:firebase-auth:17.0.0] AndroidManifest.xml:29:13-102
151            android:theme="@android:style/Theme.Translucent.NoTitleBar" />
151-->[com.google.firebase:firebase-auth:17.0.0] AndroidManifest.xml:30:13-72
152
153        <service
153-->[com.google.firebase:firebase-auth:17.0.0] AndroidManifest.xml:33:9-39:19
154            android:name="com.google.firebase.components.ComponentDiscoveryService"
154-->[com.google.firebase:firebase-auth:17.0.0] AndroidManifest.xml:34:13-84
155            android:exported="false" >
155-->[com.google.firebase:firebase-auth:17.0.0] AndroidManifest.xml:35:13-37
156            <meta-data
156-->[com.google.firebase:firebase-auth:17.0.0] AndroidManifest.xml:36:13-38:85
157                android:name="com.google.firebase.components:com.google.firebase.auth.FirebaseAuthRegistrar"
157-->[com.google.firebase:firebase-auth:17.0.0] AndroidManifest.xml:37:17-109
158                android:value="com.google.firebase.components.ComponentRegistrar" />
158-->[com.google.firebase:firebase-auth:17.0.0] AndroidManifest.xml:38:17-82
159            <meta-data
159-->[com.google.firebase:firebase-database:17.0.0] AndroidManifest.xml:30:13-32:85
160                android:name="com.google.firebase.components:com.google.firebase.database.DatabaseRegistrar"
160-->[com.google.firebase:firebase-database:17.0.0] AndroidManifest.xml:31:17-109
161                android:value="com.google.firebase.components.ComponentRegistrar" />
161-->[com.google.firebase:firebase-database:17.0.0] AndroidManifest.xml:32:17-82
162            <meta-data
162-->[com.google.firebase:firebase-firestore:19.0.0] AndroidManifest.xml:18:13-20:85
163                android:name="com.google.firebase.components:com.google.firebase.firestore.FirestoreRegistrar"
163-->[com.google.firebase:firebase-firestore:19.0.0] AndroidManifest.xml:19:17-111
164                android:value="com.google.firebase.components.ComponentRegistrar" />
164-->[com.google.firebase:firebase-firestore:19.0.0] AndroidManifest.xml:20:17-82
165            <meta-data
165-->[com.google.firebase:firebase-storage:17.0.0] AndroidManifest.xml:31:13-33:85
166                android:name="com.google.firebase.components:com.google.firebase.storage.StorageRegistrar"
166-->[com.google.firebase:firebase-storage:17.0.0] AndroidManifest.xml:32:17-107
167                android:value="com.google.firebase.components.ComponentRegistrar" />
167-->[com.google.firebase:firebase-storage:17.0.0] AndroidManifest.xml:33:17-82
168        </service>
169
170        <activity
170-->[com.google.android.gms:play-services-auth:16.0.1] AndroidManifest.xml:23:9-27:75
171            android:name="com.google.android.gms.auth.api.signin.internal.SignInHubActivity"
171-->[com.google.android.gms:play-services-auth:16.0.1] AndroidManifest.xml:24:13-93
172            android:excludeFromRecents="true"
172-->[com.google.android.gms:play-services-auth:16.0.1] AndroidManifest.xml:25:13-46
173            android:exported="false"
173-->[com.google.android.gms:play-services-auth:16.0.1] AndroidManifest.xml:26:13-37
174            android:theme="@android:style/Theme.Translucent.NoTitleBar" />
174-->[com.google.android.gms:play-services-auth:16.0.1] AndroidManifest.xml:27:13-72
175        <!--
176            Service handling Google Sign-In user revocation. For apps that do not integrate with
177            Google Sign-In, this service will never be started.
178        -->
179        <service
179-->[com.google.android.gms:play-services-auth:16.0.1] AndroidManifest.xml:33:9-36:110
180            android:name="com.google.android.gms.auth.api.signin.RevocationBoundService"
180-->[com.google.android.gms:play-services-auth:16.0.1] AndroidManifest.xml:34:13-89
181            android:exported="true"
181-->[com.google.android.gms:play-services-auth:16.0.1] AndroidManifest.xml:35:13-36
182            android:permission="com.google.android.gms.auth.api.signin.permission.REVOCATION_NOTIFICATION" />
182-->[com.google.android.gms:play-services-auth:16.0.1] AndroidManifest.xml:36:13-107
183
184        <activity
184-->[com.google.android.gms:play-services-base:16.0.1] AndroidManifest.xml:23:9-26:75
185            android:name="com.google.android.gms.common.api.GoogleApiActivity"
185-->[com.google.android.gms:play-services-base:16.0.1] AndroidManifest.xml:24:13-79
186            android:exported="false"
186-->[com.google.android.gms:play-services-base:16.0.1] AndroidManifest.xml:25:13-37
187            android:theme="@android:style/Theme.Translucent.NoTitleBar" />
187-->[com.google.android.gms:play-services-base:16.0.1] AndroidManifest.xml:26:13-72
188
189        <provider
189-->[com.google.firebase:firebase-common:17.0.0] AndroidManifest.xml:12:9-16:39
190            android:name="com.google.firebase.provider.FirebaseInitProvider"
190-->[com.google.firebase:firebase-common:17.0.0] AndroidManifest.xml:13:13-77
191            android:authorities="com.eschoolproject.quattus.firebaseinitprovider"
191-->[com.google.firebase:firebase-common:17.0.0] AndroidManifest.xml:14:13-72
192            android:exported="false"
192-->[com.google.firebase:firebase-common:17.0.0] AndroidManifest.xml:15:13-37
193            android:initOrder="100" />
193-->[com.google.firebase:firebase-common:17.0.0] AndroidManifest.xml:16:13-36
194        <provider
194-->[com.squareup.picasso:picasso:2.71828] AndroidManifest.xml:8:9-11:40
195            android:name="com.squareup.picasso.PicassoProvider"
195-->[com.squareup.picasso:picasso:2.71828] AndroidManifest.xml:9:13-64
196            android:authorities="com.eschoolproject.quattus.com.squareup.picasso"
196-->[com.squareup.picasso:picasso:2.71828] AndroidManifest.xml:10:13-72
197            android:exported="false" />
197-->[com.squareup.picasso:picasso:2.71828] AndroidManifest.xml:11:13-37
198        <provider
198-->[androidx.lifecycle:lifecycle-process:2.0.0] AndroidManifest.xml:23:9-27:43
199            android:name="androidx.lifecycle.ProcessLifecycleOwnerInitializer"
199-->[androidx.lifecycle:lifecycle-process:2.0.0] AndroidManifest.xml:24:13-79
200            android:authorities="com.eschoolproject.quattus.lifecycle-process"
200-->[androidx.lifecycle:lifecycle-process:2.0.0] AndroidManifest.xml:25:13-69
201            android:exported="false"
201-->[androidx.lifecycle:lifecycle-process:2.0.0] AndroidManifest.xml:26:13-37
202            android:multiprocess="true" />
202-->[androidx.lifecycle:lifecycle-process:2.0.0] AndroidManifest.xml:27:13-40
203    </application>
204
205</manifest>